TN:
SF:apps/server/src/app.ts
FNF:0
FNH:0
DA:1,1
DA:2,1
DA:3,1
DA:4,1
DA:5,1
DA:6,1
DA:7,1
DA:8,1
DA:9,1
DA:10,1
DA:11,1
DA:12,1
DA:13,1
DA:14,1
DA:15,1
DA:16,1
DA:17,1
DA:18,0
DA:19,1
DA:20,1
LF:20
LH:19
BRF:0
BRH:0
end_of_record
TN:
SF:apps/server/src/controllers/authController.ts
FN:8,register
FN:37,login
FNF:2
FNH:2
FNDA:2,register
FNDA:2,login
DA:1,1
DA:2,1
DA:3,1
DA:4,1
DA:5,1
DA:6,1
DA:7,1
DA:8,1
DA:9,2
DA:10,2
DA:11,2
DA:12,2
DA:13,0
DA:14,0
DA:15,2
DA:16,2
DA:17,2
DA:18,1
DA:19,1
DA:20,1
DA:21,1
DA:22,1
DA:23,1
DA:24,1
DA:25,1
DA:26,1
DA:27,1
DA:28,1
DA:29,1
DA:30,1
DA:31,1
DA:32,2
DA:33,0
DA:34,0
DA:35,2
DA:36,1
DA:37,1
DA:38,2
DA:39,2
DA:40,2
DA:41,2
DA:42,2
DA:43,2
DA:44,2
DA:45,2
DA:46,2
DA:47,1
DA:48,1
DA:49,1
DA:50,1
DA:51,1
DA:52,2
DA:53,0
DA:54,0
DA:55,2
LF:55
LH:49
BRDA:8,0,0,2
BRDA:12,1,0,0
BRDA:17,2,0,1
BRDA:32,3,0,0
BRDA:37,4,0,2
BRDA:40,5,0,0
BRDA:43,6,0,0
BRDA:46,7,0,1
BRDA:52,8,0,0
BRF:9
BRH:4
end_of_record
TN:
SF:apps/server/src/middleware/authMiddleware.ts
FN:10,authenticateToken
FNF:1
FNH:0
FNDA:0,authenticateToken
DA:1,1
DA:2,1
DA:3,1
DA:4,1
DA:5,1
DA:6,1
DA:7,1
DA:8,1
DA:9,1
DA:10,0
DA:11,0
DA:12,0
DA:13,0
DA:14,0
DA:15,0
DA:16,0
DA:17,0
DA:18,0
DA:19,0
DA:20,0
DA:21,0
DA:22,0
LF:22
LH:9
BRDA:4,0,0,0
BRF:1
BRH:0
end_of_record
TN:
SF:apps/server/src/routes/auth.ts
FNF:0
FNH:0
DA:1,1
DA:2,1
DA:3,1
DA:4,1
DA:5,1
DA:6,1
DA:7,1
DA:8,1
DA:9,1
LF:9
LH:9
BRF:0
BRH:0
end_of_record
TN:
SF:apps/server/src/routes/character.ts
FNF:0
FNH:0
DA:1,1
DA:2,1
DA:3,1
DA:4,1
DA:5,1
DA:6,1
DA:7,1
DA:8,1
DA:9,0
DA:10,0
DA:11,0
DA:12,0
DA:13,0
DA:14,0
DA:15,0
DA:16,0
DA:17,0
DA:18,0
DA:19,0
DA:20,0
DA:21,0
DA:22,0
DA:23,1
DA:24,1
DA:25,1
LF:25
LH:11
BRF:0
BRH:0
end_of_record
TN:
SF:apps/server/src/utils/jwt.ts
FN:5,generateAccessToken
FN:9,generateRefreshToken
FN:13,verifyToken
FNF:3
FNH:2
FNDA:1,generateAccessToken
FNDA:1,generateRefreshToken
FNDA:0,verifyToken
DA:1,1
DA:2,1
DA:3,1
DA:4,1
DA:5,1
DA:6,1
DA:7,1
DA:8,1
DA:9,1
DA:10,1
DA:11,1
DA:12,1
DA:13,0
DA:14,0
DA:15,0
LF:15
LH:12
BRDA:3,0,0,0
BRDA:5,1,0,1
BRDA:9,2,0,1
BRF:3
BRH:2
end_of_record
